C:\USERS\ST040232\DOCUMENTS\VISUAL STUDIO 2012\PROJECTS\Проект9\Проект9\DEBUG\MAIN.OBJ
C:\USERS\ST040232\DOCUMENTS\VISUAL STUDIO 2012\PROJECTS\ПРОЕКТ9\ПРОЕКТ9\DEBUG\VC110.PDB
C:\USERS\ST040232\DOCUMENTS\VISUAL STUDIO 2012\PROJECTS\Проект9\DEBUG\LSG.ILK
C:\USERS\ST040232\DOCUMENTS\VISUAL STUDIO 2012\PROJECTS\Проект9\DEBUG\LSG.EXE
C:\USERS\ST040232\DOCUMENTS\VISUAL STUDIO 2012\PROJECTS\ПРОЕКТ9\DEBUG\LSG.PDB
c:\Users\st040232\documents\visual studio 2012\Projects\Проект9\Проект9\Debug\main.obj
c:\Users\st040232\documents\visual studio 2012\Projects\Проект9\Проект9\Debug\cl.command.1.tlog
c:\Users\st040232\documents\visual studio 2012\Projects\Проект9\Проект9\Debug\CL.read.1.tlog
c:\Users\st040232\documents\visual studio 2012\Projects\Проект9\Проект9\Debug\CL.write.1.tlog
c:\Users\st040232\documents\visual studio 2012\Projects\Проект9\Проект9\Debug\link-cvtres.read.1.tlog
c:\Users\st040232\documents\visual studio 2012\Projects\Проект9\Проект9\Debug\link-cvtres.write.1.tlog
c:\Users\st040232\documents\visual studio 2012\Projects\Проект9\Проект9\Debug\link-rc.read.1.tlog
c:\Users\st040232\documents\visual studio 2012\Projects\Проект9\Проект9\Debug\link-rc.write.1.tlog
c:\Users\st040232\documents\visual studio 2012\Projects\Проект9\Проект9\Debug\link.command.1.tlog
c:\Users\st040232\documents\visual studio 2012\Projects\Проект9\Проект9\Debug\link.read.1.tlog
c:\Users\st040232\documents\visual studio 2012\Projects\Проект9\Проект9\Debug\link.write.1.tlog
c:\Users\st040232\documents\visual studio 2012\Projects\Проект9\Проект9\Debug\vc110.idb
c:\Users\st040232\documents\visual studio 2012\Projects\Проект9\Проект9\Debug\vc110.pdb
c:\Users\st040232\documents\visual studio 2012\Projects\Проект9\Debug\LSG.pdb
c:\Users\st040232\documents\visual studio 2012\Projects\Проект9\Debug\LSG.exe
c:\Users\st040232\documents\visual studio 2012\Projects\Проект9\Debug\LSG.ilk
